Traceback (most recent call last):
  File "/home/codespace/.cache/pypoetry/virtualenvs/data-expressions-XOHyUNvQ-py3.10/lib/python3.10/site-packages/jupyter_cache/executors/utils.py", line 58, in single_nb_execution
    executenb(
  File "/home/codespace/.cache/pypoetry/virtualenvs/data-expressions-XOHyUNvQ-py3.10/lib/python3.10/site-packages/nbclient/client.py", line 1305, in execute
    return NotebookClient(nb=nb, resources=resources, km=km, **kwargs).execute()
  File "/home/codespace/.cache/pypoetry/virtualenvs/data-expressions-XOHyUNvQ-py3.10/lib/python3.10/site-packages/jupyter_core/utils/__init__.py", line 166, in wrapped
    return loop.run_until_complete(inner)
  File "/home/codespace/.python/current/lib/python3.10/asyncio/base_events.py", line 649, in run_until_complete
    return future.result()
  File "/home/codespace/.cache/pypoetry/virtualenvs/data-expressions-XOHyUNvQ-py3.10/lib/python3.10/site-packages/nbclient/client.py", line 705, in async_execute
    await self.async_execute_cell(
  File "/home/codespace/.cache/pypoetry/virtualenvs/data-expressions-XOHyUNvQ-py3.10/lib/python3.10/site-packages/nbclient/client.py", line 1058, in async_execute_cell
    await self._check_raise_for_error(cell, cell_index, exec_reply)
  File "/home/codespace/.cache/pypoetry/virtualenvs/data-expressions-XOHyUNvQ-py3.10/lib/python3.10/site-packages/nbclient/client.py", line 914, in _check_raise_for_error
    raise CellExecutionError.from_cell_and_msg(cell, exec_reply_content)
nbclient.exceptions.CellExecutionError: An error occurred while executing the following cell:
------------------
bar_fig.transformed_data()
------------------


[0;31m---------------------------------------------------------------------------[0m
[0;31mValueError[0m                                Traceback (most recent call last)
Cell [0;32mIn[28], line 1[0m
[0;32m----> 1[0m [43mbar_fig[49m[38;5;241;43m.[39;49m[43mtransformed_data[49m[43m([49m[43m)[49m

File [0;32m~/.cache/pypoetry/virtualenvs/data-expressions-XOHyUNvQ-py3.10/lib/python3.10/site-packages/altair/vegalite/v5/api.py:2741[0m, in [0;36mChart.transformed_data[0;34m(self, row_limit, exclude)[0m
[1;32m   2722[0m [38;5;250m[39m[38;5;124;03m"""Evaluate a Chart's transforms[39;00m
[1;32m   2723[0m 
[1;32m   2724[0m [38;5;124;03mEvaluate the data transforms associated with a Chart and return the[39;00m
[0;32m   (...)[0m
[1;32m   2737[0m [38;5;124;03m    Transformed data as a DataFrame[39;00m
[1;32m   2738[0m [38;5;124;03m"""[39;00m
[1;32m   2739[0m [38;5;28;01mfrom[39;00m [38;5;21;01maltair[39;00m[38;5;21;01m.[39;00m[38;5;21;01mutils[39;00m[38;5;21;01m.[39;00m[38;5;21;01m_transformed_data[39;00m [38;5;28;01mimport[39;00m transformed_data
[0;32m-> 2741[0m [38;5;28;01mreturn[39;00m [43mtransformed_data[49m[43m([49m[38;5;28;43mself[39;49m[43m,[49m[43m [49m[43mrow_limit[49m[38;5;241;43m=[39;49m[43mrow_limit[49m[43m,[49m[43m [49m[43mexclude[49m[38;5;241;43m=[39;49m[43mexclude[49m[43m)[49m

File [0;32m~/.cache/pypoetry/virtualenvs/data-expressions-XOHyUNvQ-py3.10/lib/python3.10/site-packages/altair/utils/_transformed_data.py:127[0m, in [0;36mtransformed_data[0;34m(chart, row_limit, exclude)[0m
[1;32m    124[0m         [38;5;28;01mraise[39;00m [38;5;167;01mValueError[39;00m([38;5;124m"[39m[38;5;124mFailed to locate all datasets[39m[38;5;124m"[39m)
[1;32m    126[0m [38;5;66;03m# Extract transformed datasets with VegaFusion[39;00m
[0;32m--> 127[0m datasets, warnings [38;5;241m=[39m [43mvf[49m[38;5;241;43m.[39;49m[43mruntime[49m[38;5;241;43m.[39;49m[43mpre_transform_datasets[49m[43m([49m
[1;32m    128[0m [43m    [49m[43mvega_spec[49m[43m,[49m
[1;32m    129[0m [43m    [49m[43mdataset_names[49m[43m,[49m
[1;32m    130[0m [43m    [49m[43mrow_limit[49m[38;5;241;43m=[39;49m[43mrow_limit[49m[43m,[49m
[1;32m    131[0m [43m    [49m[43minline_datasets[49m[38;5;241;43m=[39;49m[43minline_datasets[49m[43m,[49m
[1;32m    132[0m [43m[49m[43m)[49m
[1;32m    134[0m [38;5;28;01mif[39;00m [38;5;28misinstance[39m(chart, (Chart, FacetChart)):
[1;32m    135[0m     [38;5;66;03m# Return DataFrame (or None if it was excluded) if input was a simple Chart[39;00m
[1;32m    136[0m     [38;5;28;01mif[39;00m [38;5;129;01mnot[39;00m datasets:

File [0;32m~/.cache/pypoetry/virtualenvs/data-expressions-XOHyUNvQ-py3.10/lib/python3.10/site-packages/vegafusion/runtime.py:393[0m, in [0;36mVegaFusionRuntime.pre_transform_datasets[0;34m(self, spec, datasets, local_tz, default_input_tz, row_limit, inline_datasets)[0m
[1;32m    391[0m inline_arrow_dataset [38;5;241m=[39m [38;5;28mself[39m[38;5;241m.[39m_import_or_register_inline_datasets(inline_datasets)
[1;32m    392[0m [38;5;28;01mtry[39;00m:
[0;32m--> 393[0m     values, warnings [38;5;241m=[39m [38;5;28;43mself[39;49m[38;5;241;43m.[39;49m[43membedded_runtime[49m[38;5;241;43m.[39;49m[43mpre_transform_datasets[49m[43m([49m
[1;32m    394[0m [43m        [49m[43mspec[49m[43m,[49m
[1;32m    395[0m [43m        [49m[43mpre_tx_vars[49m[43m,[49m
[1;32m    396[0m [43m        [49m[43mlocal_tz[49m[38;5;241;43m=[39;49m[43mlocal_tz[49m[43m,[49m
[1;32m    397[0m [43m        [49m[43mdefault_input_tz[49m[38;5;241;43m=[39;49m[43mdefault_input_tz[49m[43m,[49m
[1;32m    398[0m [43m        [49m[43mrow_limit[49m[38;5;241;43m=[39;49m[43mrow_limit[49m[43m,[49m
[1;32m    399[0m [43m        [49m[43minline_datasets[49m[38;5;241;43m=[39;49m[43minline_arrow_dataset[49m
[1;32m    400[0m [43m    [49m[43m)[49m
[1;32m    401[0m [38;5;28;01mfinally[39;00m:
[1;32m    402[0m     [38;5;66;03m# Clean up registered tables (both inline and internal temporary tables)[39;00m
[1;32m    403[0m     [38;5;28;01mif[39;00m [38;5;28mself[39m[38;5;241m.[39m_connection [38;5;129;01mis[39;00m [38;5;129;01mnot[39;00m [38;5;28;01mNone[39;00m:

[0;31mValueError[0m: Internal error: Failed to resolve variable Variable { name: "param_1", namespace: Signal } used in scope []


